<?xml version="1.0" encoding="UTF-8"?>
<!-- Generated by org.testng.reporters.JUnitReportReporter -->
<testsuite skipped="0" hostname="DESKTOP-EC9INRR" name="testNG.TestNgBasics" tests="1" failures="0" timestamp="2021-01-05T11:15:41 EST" time="0.005" errors="0">
  <testcase name="googleTitleTest" time="0.005" classname="testNG.TestNgBasics"/>
  <system-out/>
</testsuite> <!-- testNG.TestNgBasics -->
