<?xml version="1.0" encoding="UTF-8"?>
<!-- Generated by org.testng.reporters.JUnitReportReporter -->
<testsuite skipped="0" hostname="DESKTOP-EC9INRR" name="testNG.ExceptionTimeOutTest" tests="2" failures="0" timestamp="2021-01-06T14:08:12 EST" time="0.009" errors="0">
  <testcase name="infiniteLoopTest" time="0.009" classname="testNG.ExceptionTimeOutTest"/>
  <system-out/>
  <testcase name="testException" time="0.000" classname="testNG.ExceptionTimeOutTest"/>
  <system-out/>
</testsuite> <!-- testNG.ExceptionTimeOutTest -->
