<?xml version="1.0" encoding="UTF-8"?>
<!-- Generated by org.testng.reporters.JUnitReportReporter -->
<testsuite skipped="0" hostname="DESKTOP-EC9INRR" name="testNG.GoogleTitleTestValidation" tests="1" failures="0" timestamp="2021-01-06T14:08:12 EST" time="8.582" errors="0">
  <testcase name="googleTitleTest" time="8.582" classname="testNG.GoogleTitleTestValidation"/>
  <system-out/>
</testsuite> <!-- testNG.GoogleTitleTestValidation -->
